<?xml version="1.0" encoding="UTF-8"?>
<!-- Generated by org.testng.reporters.JUnitReportReporter -->
<testsuite skipped="0" hostname="DESKTOP-V01NHOK" name="test.AutomatedProducts" tests="1" failures="0" timestamp="2020-10-21T20:55:27 EET" time="10.048" errors="0">
  <testcase name="test1" time="10.048" classname="test.AutomatedProducts"/>
  <system-out/>
</testsuite> <!-- test.AutomatedProducts -->
